[debug] [2020-05-17T06:09:04.582Z] ----------------------------------------------------------------------
[debug] [2020-05-17T06:09:04.585Z] Command:       C:\Program Files\nodejs\node.exe C:\Users\umair\AppData\Roaming\npm\node_modules\firebase-tools\lib\bin\firebase.js deploy --only hosting:react-app-a4f43
[debug] [2020-05-17T06:09:04.586Z] CLI Version:   8.2.0
[debug] [2020-05-17T06:09:04.586Z] Platform:      win32
[debug] [2020-05-17T06:09:04.586Z] Node Version:  v12.16.2
[debug] [2020-05-17T06:09:04.588Z] Time:          Sun May 17 2020 11:09:04 GMT+0500 (Pakistan Standard Time)
[debug] [2020-05-17T06:09:04.588Z] ----------------------------------------------------------------------
[debug] [2020-05-17T06:09:04.588Z] 
[debug] [2020-05-17T06:09:04.605Z] > command requires scopes: ["email","openid","https://www.googleapis.com/auth/cloudplatformprojects.readonly","https://www.googleapis.com/auth/firebase","https://www.googleapis.com/auth/cloud-platform"]
[debug] [2020-05-17T06:09:04.606Z] > authorizing via signed-in user
[debug] [2020-05-17T06:09:04.607Z] [iam] checking project online-webmobile-a598f for permissions ["firebase.projects.get","firebasehosting.sites.update"]
[debug] [2020-05-17T06:09:04.612Z] >>> HTTP REQUEST POST https://cloudresourcemanager.googleapis.com/v1/projects/online-webmobile-a598f:testIamPermissions  
 {"permissions":["firebase.projects.get","firebasehosting.sites.update"]}
[debug] [2020-05-17T06:09:06.407Z] <<< HTTP RESPONSE 200 {"content-type":"application/json; charset=UTF-8","vary":"X-Origin, Referer, Origin,Accept-Encoding","date":"Sun, 17 May 2020 06:09:28 GMT","server":"ESF","cache-control":"private","x-xss-protection":"0","x-frame-options":"SAMEORIGIN","x-content-type-options":"nosniff","server-timing":"gfet4t7; dur=1385","alt-svc":"h3-27=\":443\"; ma=2592000,h3-25=\":443\"; ma=2592000,h3-T050=\":443\"; ma=2592000,h3-Q050=\":443\"; ma=2592000,h3-Q049=\":443\"; ma=2592000,h3-Q048=\":443\"; ma=2592000,h3-Q046=\":443\"; ma=2592000,h3-Q043=\":443\"; ma=2592000,quic=\":443\"; ma=2592000; v=\"46,43\"","accept-ranges":"none","transfer-encoding":"chunked"}
[debug] [2020-05-17T06:09:06.410Z] >>> HTTP REQUEST GET https://firebase.googleapis.com/v1beta1/projects/online-webmobile-a598f  
 
[debug] [2020-05-17T06:09:06.857Z] <<< HTTP RESPONSE 200 {"content-type":"application/json; charset=UTF-8","vary":"X-Origin, Referer, Origin,Accept-Encoding","date":"Sun, 17 May 2020 06:09:29 GMT","server":"ESF","cache-control":"private","x-xss-protection":"0","x-frame-options":"SAMEORIGIN","x-content-type-options":"nosniff","alt-svc":"h3-27=\":443\"; ma=2592000,h3-25=\":443\"; ma=2592000,h3-T050=\":443\"; ma=2592000,h3-Q050=\":443\"; ma=2592000,h3-Q049=\":443\"; ma=2592000,h3-Q048=\":443\"; ma=2592000,h3-Q046=\":443\"; ma=2592000,h3-Q043=\":443\"; ma=2592000,quic=\":443\"; ma=2592000; v=\"46,43\"","accept-ranges":"none","transfer-encoding":"chunked"}
[info] 
[info] === Deploying to 'online-webmobile-a598f'...
[info] 
[info] i  deploying hosting
[info] 
[info] +  Deploy complete!
[info] 
[info] Project Console: https://console.firebase.google.com/project/online-webmobile-a598f/overview
[debug] [2020-05-17T06:09:07.200Z] TypeError: Cannot read property 'deploys' of undefined
    at C:\Users\umair\AppData\Roaming\npm\node_modules\firebase-tools\lib\deploy\index.js:84:36
    at processTicksAndRejections (internal/process/task_queues.js:97:5)
[error] 
[error] Error: An unexpected error has occurred.
[debug] [2020-05-17T06:09:17.474Z] ----------------------------------------------------------------------
[debug] [2020-05-17T06:09:17.477Z] Command:       C:\Program Files\nodejs\node.exe C:\Users\umair\AppData\Roaming\npm\node_modules\firebase-tools\lib\bin\firebase.js deploy --only hosting:react-app-a4f43
[debug] [2020-05-17T06:09:17.478Z] CLI Version:   8.2.0
[debug] [2020-05-17T06:09:17.478Z] Platform:      win32
[debug] [2020-05-17T06:09:17.478Z] Node Version:  v12.16.2
[debug] [2020-05-17T06:09:17.480Z] Time:          Sun May 17 2020 11:09:17 GMT+0500 (Pakistan Standard Time)
[debug] [2020-05-17T06:09:17.480Z] ----------------------------------------------------------------------
[debug] [2020-05-17T06:09:17.480Z] 
[debug] [2020-05-17T06:09:17.504Z] > command requires scopes: ["email","openid","https://www.googleapis.com/auth/cloudplatformprojects.readonly","https://www.googleapis.com/auth/firebase","https://www.googleapis.com/auth/cloud-platform"]
[debug] [2020-05-17T06:09:17.506Z] > authorizing via signed-in user
[debug] [2020-05-17T06:09:17.507Z] [iam] checking project online-webmobile-a598f for permissions ["firebase.projects.get","firebasehosting.sites.update"]
[debug] [2020-05-17T06:09:17.519Z] >>> HTTP REQUEST POST https://cloudresourcemanager.googleapis.com/v1/projects/online-webmobile-a598f:testIamPermissions  
 {"permissions":["firebase.projects.get","firebasehosting.sites.update"]}
[debug] [2020-05-17T06:09:19.222Z] <<< HTTP RESPONSE 200 {"content-type":"application/json; charset=UTF-8","vary":"X-Origin, Referer, Origin,Accept-Encoding","date":"Sun, 17 May 2020 06:09:41 GMT","server":"ESF","cache-control":"private","x-xss-protection":"0","x-frame-options":"SAMEORIGIN","x-content-type-options":"nosniff","server-timing":"gfet4t7; dur=1376","alt-svc":"h3-27=\":443\"; ma=2592000,h3-25=\":443\"; ma=2592000,h3-T050=\":443\"; ma=2592000,h3-Q050=\":443\"; ma=2592000,h3-Q049=\":443\"; ma=2592000,h3-Q048=\":443\"; ma=2592000,h3-Q046=\":443\"; ma=2592000,h3-Q043=\":443\"; ma=2592000,quic=\":443\"; ma=2592000; v=\"46,43\"","accept-ranges":"none","transfer-encoding":"chunked"}
[debug] [2020-05-17T06:09:19.229Z] >>> HTTP REQUEST GET https://firebase.googleapis.com/v1beta1/projects/online-webmobile-a598f  
 
[debug] [2020-05-17T06:09:19.686Z] <<< HTTP RESPONSE 200 {"content-type":"application/json; charset=UTF-8","vary":"X-Origin, Referer, Origin,Accept-Encoding","date":"Sun, 17 May 2020 06:09:42 GMT","server":"ESF","cache-control":"private","x-xss-protection":"0","x-frame-options":"SAMEORIGIN","x-content-type-options":"nosniff","alt-svc":"h3-27=\":443\"; ma=2592000,h3-25=\":443\"; ma=2592000,h3-T050=\":443\"; ma=2592000,h3-Q050=\":443\"; ma=2592000,h3-Q049=\":443\"; ma=2592000,h3-Q048=\":443\"; ma=2592000,h3-Q046=\":443\"; ma=2592000,h3-Q043=\":443\"; ma=2592000,quic=\":443\"; ma=2592000; v=\"46,43\"","accept-ranges":"none","transfer-encoding":"chunked"}
[info] 
[info] === Deploying to 'online-webmobile-a598f'...
[info] 
[info] i  deploying hosting
[info] 
[info] +  Deploy complete!
[info] 
[info] Project Console: https://console.firebase.google.com/project/online-webmobile-a598f/overview
[debug] [2020-05-17T06:09:20.024Z] TypeError: Cannot read property 'deploys' of undefined
    at C:\Users\umair\AppData\Roaming\npm\node_modules\firebase-tools\lib\deploy\index.js:84:36
    at processTicksAndRejections (internal/process/task_queues.js:97:5)
[error] 
[error] Error: An unexpected error has occurred.
[debug] [2020-05-17T06:09:51.818Z] ----------------------------------------------------------------------
[debug] [2020-05-17T06:09:51.822Z] Command:       C:\Program Files\nodejs\node.exe C:\Users\umair\AppData\Roaming\npm\node_modules\firebase-tools\lib\bin\firebase.js deploy --only hosting:react-app-a4f43
[debug] [2020-05-17T06:09:51.822Z] CLI Version:   8.2.0
[debug] [2020-05-17T06:09:51.822Z] Platform:      win32
[debug] [2020-05-17T06:09:51.822Z] Node Version:  v12.16.2
[debug] [2020-05-17T06:09:51.824Z] Time:          Sun May 17 2020 11:09:51 GMT+0500 (Pakistan Standard Time)
[debug] [2020-05-17T06:09:51.824Z] ----------------------------------------------------------------------
[debug] [2020-05-17T06:09:51.824Z] 
[debug] [2020-05-17T06:09:51.841Z] > command requires scopes: ["email","openid","https://www.googleapis.com/auth/cloudplatformprojects.readonly","https://www.googleapis.com/auth/firebase","https://www.googleapis.com/auth/cloud-platform"]
[debug] [2020-05-17T06:09:51.842Z] > authorizing via signed-in user
[debug] [2020-05-17T06:09:51.842Z] [iam] checking project online-webmobile-a598f for permissions ["firebase.projects.get","firebasehosting.sites.update"]
[debug] [2020-05-17T06:09:51.854Z] >>> HTTP REQUEST POST https://cloudresourcemanager.googleapis.com/v1/projects/online-webmobile-a598f:testIamPermissions  
 {"permissions":["firebase.projects.get","firebasehosting.sites.update"]}
[debug] [2020-05-17T06:09:52.399Z] <<< HTTP RESPONSE 200 {"content-type":"application/json; charset=UTF-8","vary":"X-Origin, Referer, Origin,Accept-Encoding","date":"Sun, 17 May 2020 06:10:14 GMT","server":"ESF","cache-control":"private","x-xss-protection":"0","x-frame-options":"SAMEORIGIN","x-content-type-options":"nosniff","server-timing":"gfet4t7; dur=231","alt-svc":"h3-27=\":443\"; ma=2592000,h3-25=\":443\"; ma=2592000,h3-T050=\":443\"; ma=2592000,h3-Q050=\":443\"; ma=2592000,h3-Q049=\":443\"; ma=2592000,h3-Q048=\":443\"; ma=2592000,h3-Q046=\":443\"; ma=2592000,h3-Q043=\":443\"; ma=2592000,quic=\":443\"; ma=2592000; v=\"46,43\"","accept-ranges":"none","transfer-encoding":"chunked"}
[debug] [2020-05-17T06:09:52.405Z] >>> HTTP REQUEST GET https://firebase.googleapis.com/v1beta1/projects/online-webmobile-a598f  
 
[debug] [2020-05-17T06:09:52.999Z] <<< HTTP RESPONSE 200 {"content-type":"application/json; charset=UTF-8","vary":"X-Origin, Referer, Origin,Accept-Encoding","date":"Sun, 17 May 2020 06:10:15 GMT","server":"ESF","cache-control":"private","x-xss-protection":"0","x-frame-options":"SAMEORIGIN","x-content-type-options":"nosniff","alt-svc":"h3-27=\":443\"; ma=2592000,h3-25=\":443\"; ma=2592000,h3-T050=\":443\"; ma=2592000,h3-Q050=\":443\"; ma=2592000,h3-Q049=\":443\"; ma=2592000,h3-Q048=\":443\"; ma=2592000,h3-Q046=\":443\"; ma=2592000,h3-Q043=\":443\"; ma=2592000,quic=\":443\"; ma=2592000; v=\"46,43\"","accept-ranges":"none","transfer-encoding":"chunked"}
[info] 
[info] === Deploying to 'online-webmobile-a598f'...
[info] 
[info] i  deploying hosting
[info] 
[info] +  Deploy complete!
[info] 
[info] Project Console: https://console.firebase.google.com/project/online-webmobile-a598f/overview
[debug] [2020-05-17T06:09:53.334Z] TypeError: Cannot read property 'deploys' of undefined
    at C:\Users\umair\AppData\Roaming\npm\node_modules\firebase-tools\lib\deploy\index.js:84:36
    at processTicksAndRejections (internal/process/task_queues.js:97:5)
[error] 
[error] Error: An unexpected error has occurred.
